<?xml version="1.0" encoding="UTF-8"?>
<!-- Generated by org.testng.reporters.JUnitXMLReporter -->
<testsuite ignored="0" hostname="SCI-BD-L17-3291" failures="1" tests="4" name="Profile" time="294.51" errors="0" timestamp="2022-06-26T13:14:54 BDT">
  <testcase classname="pinoyParent.testCases.Profile_TestCase" name="profileView" time="33.299"/>
  <testcase classname="pinoyParent.testCases.Profile_TestCase" name="profileInfo" time="72.935"/>
  <testcase classname="pinoyParent.testCases.Profile_TestCase" name="profileInfoEdit" time="62.221"/>
  <testcase classname="pinoyParent.testCases.Profile_TestCase" name="emptyChildInfo" time="53.033">
    <failure type="java.lang.AssertionError" message="Error occured. --  expected [true] but found [false]">
      <![CDATA[java.lang.AssertionError: Error occured. --  expected [true] but found [false]
at pinoyParent.functionalities.Profile.profileInfoUpdateWithEmptyChildInfo(Profile.java:337)
at pinoyParent.testCases.Profile_TestCase.emptyChildInfo(Profile_TestCase.java:34)
at java.base/java.util.ArrayList.forEach(ArrayList.java:1511)
... Removed 30 stack frames]]>
    </failure>
  </testcase> <!-- emptyChildInfo -->
</testsuite> <!-- Profile -->
