<?xml version="1.0" encoding="UTF-8"?>
<!-- Generated by org.testng.reporters.JUnitXMLReporter -->
<testsuite ignored="6" hostname="SCI-BD-L17-3291" failures="5" tests="33" name="All Test Cases" time="1933.77" errors="0" timestamp="2022-06-26T01:35:54 BDT">
  <testcase classname="pinoyParent.testCases.Articles_TestCase" name="articles" time="30.05"/>
  <testcase classname="pinoyParent.testCases.Articles_TestCase" name="reactOnarticles" time="39.495"/>
  <testcase classname="pinoyParent.testCases.Articles_TestCase" name="saveArticles" time="46.82"/>
  <testcase classname="pinoyParent.testCases.Articles_TestCase" name="shareArticles" time="51.427"/>
  <testcase classname="pinoyParent.testCases.Articles_TestCase" name="downloadArticles" time="48.966"/>
  <testcase classname="pinoyParent.testCases.Articles_TestCase" name="extinsiveArticles" time="40.668"/>
  <testcase classname="pinoyParent.testCases.Articles_TestCase" name="savedArticles" time="36.229">
    <failure type="java.lang.AssertionError" message="No Content found ! expected [true] but found [false]">
      <![CDATA[java.lang.AssertionError: No Content found ! expected [true] but found [false]
at pinoyParent.functionalities.Articles.savedArticles(Articles.java:199)
at pinoyParent.testCases.Articles_TestCase.savedArticles(Articles_TestCase.java:61)
at java.base/java.util.ArrayList.forEach(ArrayList.java:1511)
... Removed 30 stack frames]]>
    </failure>
  </testcase> <!-- savedArticles -->
  <testcase classname="pinoyParent.testCases.Articles_TestCase" name="downloadedArticles" time="34.043">
    <failure type="java.lang.AssertionError" message="No Content found ! expected [true] but found [false]">
      <![CDATA[java.lang.AssertionError: No Content found ! expected [true] but found [false]
at pinoyParent.functionalities.Articles.downloadedArticles(Articles.java:230)
at pinoyParent.testCases.Articles_TestCase.downloadedArticles(Articles_TestCase.java:68)
at java.base/java.util.ArrayList.forEach(ArrayList.java:1511)
... Removed 30 stack frames]]>
    </failure>
  </testcase> <!-- downloadedArticles -->
  <testcase classname="pinoyParent.testCases.Community_TestCase" name="communityNewPostCreation" time="66.816"/>
  <testcase classname="pinoyParent.testCases.Community_TestCase" name="communityNewPostLikeUnlike" time="39.245"/>
  <testcase classname="pinoyParent.testCases.Community_TestCase" name="communityNewPostComment" time="52.382">
    <failure type="java.lang.AssertionError" message="Commment number not updated!. --  expected [true] but found [false]">
      <![CDATA[java.lang.AssertionError: Commment number not updated!. --  expected [true] but found [false]
at pinoyParent.functionalities.Community.commentOnPost(Community.java:266)
at pinoyParent.testCases.Community_TestCase.communityNewPostComment(Community_TestCase.java:27)
at java.base/java.util.ArrayList.forEach(ArrayList.java:1511)
... Removed 30 stack frames]]>
    </failure>
  </testcase> <!-- communityNewPostComment -->
  <testcase classname="pinoyParent.testCases.Community_TestCase" name="communityNewPostShare" time="44.705"/>
  <testcase classname="pinoyParent.testCases.Community_TestCase" name="communityNewPostReport" time="55.897"/>
  <testcase classname="pinoyParent.testCases.Community_TestCase" name="communityList" time="45.189"/>
  <testcase classname="pinoyParent.testCases.Community_TestCase" name="communityJoined" time="44.451"/>
  <testcase classname="pinoyParent.testCases.Community_TestCase" name="Newcommunity" time="57.445"/>
  <testcase classname="pinoyParent.testCases.Menu_TestCase" name="shortCourseMenu" time="34.629"/>
  <testcase classname="pinoyParent.testCases.Menu_TestCase" name="articleBlogsMenu" time="34.223"/>
  <testcase classname="pinoyParent.testCases.Menu_TestCase" name="videoContentMenu" time="37.571"/>
  <testcase classname="pinoyParent.testCases.Menu_TestCase" name="communityMenu" time="35.084"/>
  <testcase classname="pinoyParent.testCases.Menu_TestCase" name="storeMenu" time="34.113"/>
  <testcase classname="pinoyParent.testCases.Menu_TestCase" name="subscriptionMenu" time="37.767"/>
  <testcase classname="pinoyParent.testCases.Menu_TestCase" name="rewardMenu" time="41.412"/>
  <testcase classname="pinoyParent.testCases.Menu_TestCase" name="helpLineMenu" time="40.408"/>
  <testcase classname="pinoyParent.testCases.Menu_TestCase" name="aboutUsMenu" time="37.651"/>
  <testcase classname="pinoyParent.testCases.Menu_TestCase" name="settingsMenu" time="43.651"/>
  <testcase classname="pinoyParent.testCases.Menu_TestCase" name="termsConditionMenu" time="38.351"/>
  <testcase classname="pinoyParent.testCases.Menu_TestCase" name="privacyPolicyMenu" time="36.366"/>
  <testcase classname="pinoyParent.testCases.Menu_TestCase" name="logoutMenu" time="39.91"/>
  <testcase classname="pinoyParent.testCases.Profile_TestCase" name="profileView" time="34.484"/>
  <testcase classname="pinoyParent.testCases.Profile_TestCase" name="profileInfo" time="73.099"/>
  <testcase classname="pinoyParent.testCases.Profile_TestCase" name="profileInfoEdit" time="105.62">
    <failure type="org.openqa.selenium.TimeoutException" message="Expected condition failed: waiting for visibility of element located by By.AccessibilityId: Name: C1
Gender: Male (tried for 60 second(s) with 500 milliseconds interval)
Build info: version: &amp;apos;4.1.1&amp;apos;, revision: &amp;apos;e8fcc2cecf&amp;apos;
System info: host: &amp;apos;SCI-BD-L17-3291&amp;apos;, ip: &amp;apos;192.168.31.159&amp;apos;, os.name: &amp;apos;Windows 10&amp;apos;, os.arch: &amp;apos;amd64&amp;apos;, os.version: &amp;apos;10.0&amp;apos;, java.version: &amp;apos;16.0.1&amp;apos;
Driver info: io.appium.java_client.android.AndroidDriver
Capabilities {appium:app: C:\Users\sabinul.sabbir\ecl..., appium:appPackage: com.savethechildren.pinoy_p..., appium:autoGrantPermissions: true, appium:automationName: UiAutomator2, appium:databaseEnabled: false, appium:desired: {app: C:\Users\sabinul.sabbir\ecl..., autoGrantPermissions: true, automationName: UiAutomator2, deviceName: Sabbir, platformName: android, platformVersion: 12, udid: emulator-5554}, appium:deviceApiLevel: 31, appium:deviceManufacturer: Google, appium:deviceModel: sdk_gphone64_x86_64, appium:deviceName: emulator-5554, appium:deviceScreenDensity: 440, appium:deviceScreenSize: 1080x2280, appium:deviceUDID: emulator-5554, appium:javascriptEnabled: true, appium:locationContextEnabled: false, appium:networkConnectionEnabled: true, appium:pixelRatio: 2.75, appium:platformVersion: 12, appium:statBarHeight: 83, appium:takesScreenshot: true, appium:udid: emulator-5554, appium:viewportRect: {height: 2065, left: 0, top: 83, width: 1080}, appium:warnings: {}, appium:webStorageEnabled: false, platformName: android}
Session ID: 989431ea-f4bf-45d0-8dd9-9989c97e8e0f">
      <![CDATA[org.openqa.selenium.TimeoutException: Expected condition failed: waiting for visibility of element located by By.AccessibilityId: Name: C1
Gender: Male (tried for 60 second(s) with 500 milliseconds interval)
Build info: version: '4.1.1', revision: 'e8fcc2cecf'
System info: host: 'SCI-BD-L17-3291', ip: '192.168.31.159', os.name: 'Windows 10', os.arch: 'amd64', os.version: '10.0', java.version: '16.0.1'
Driver info: io.appium.java_client.android.AndroidDriver
Capabilities {appium:app: C:\Users\sabinul.sabbir\ecl..., appium:appPackage: com.savethechildren.pinoy_p..., appium:autoGrantPermissions: true, appium:automationName: UiAutomator2, appium:databaseEnabled: false, appium:desired: {app: C:\Users\sabinul.sabbir\ecl..., autoGrantPermissions: true, automationName: UiAutomator2, deviceName: Sabbir, platformName: android, platformVersion: 12, udid: emulator-5554}, appium:deviceApiLevel: 31, appium:deviceManufacturer: Google, appium:deviceModel: sdk_gphone64_x86_64, appium:deviceName: emulator-5554, appium:deviceScreenDensity: 440, appium:deviceScreenSize: 1080x2280, appium:deviceUDID: emulator-5554, appium:javascriptEnabled: true, appium:locationContextEnabled: false, appium:networkConnectionEnabled: true, appium:pixelRatio: 2.75, appium:platformVersion: 12, appium:statBarHeight: 83, appium:takesScreenshot: true, appium:udid: emulator-5554, appium:viewportRect: {height: 2065, left: 0, top: 83, width: 1080}, appium:warnings: {}, appium:webStorageEnabled: false, platformName: android}
Session ID: 989431ea-f4bf-45d0-8dd9-9989c97e8e0f
at org.openqa.selenium.support.ui.WebDriverWait.timeoutException(WebDriverWait.java:138)
at org.openqa.selenium.support.ui.FluentWait.until(FluentWait.java:231)
at pinoyParent.functionalities.Profile.profileInfoEdit(Profile.java:181)
at pinoyParent.testCases.Profile_TestCase.profileInfoEdit(Profile_TestCase.java:27)
at java.base/java.util.ArrayList.forEach(ArrayList.java:1511)
... Removed 27 stack frames]]>
    </failure>
  </testcase> <!-- profileInfoEdit -->
  <testcase classname="pinoyParent.testCases.Profile_TestCase" name="emptyChildInfo" time="55.433">
    <failure type="java.lang.AssertionError" message="Error occured. --  expected [true] but found [false]">
      <![CDATA[java.lang.AssertionError: Error occured. --  expected [true] but found [false]
at pinoyParent.functionalities.Profile.profileInfoUpdateWithEmptyChildInfo(Profile.java:336)
at pinoyParent.testCases.Profile_TestCase.emptyChildInfo(Profile_TestCase.java:34)
at java.base/java.util.ArrayList.forEach(ArrayList.java:1511)
... Removed 30 stack frames]]>
    </failure>
  </testcase> <!-- emptyChildInfo -->
  <testcase classname="pinoyParent.testCases.BaseClass" name="@BeforeTest setup" time="0.0">
    <ignored/>
  </testcase> <!-- @BeforeTest setup -->
  <testcase classname="pinoyParent.testCases.BaseClass" name="@BeforeTest setup" time="0.0">
    <ignored/>
  </testcase> <!-- @BeforeTest setup -->
  <testcase classname="pinoyParent.testCases.BaseClass" name="@BeforeTest setup" time="0.0">
    <ignored/>
  </testcase> <!-- @BeforeTest setup -->
  <testcase classname="pinoyParent.testCases.BaseClass" name="@AfterTest tearDown" time="0.0">
    <ignored/>
  </testcase> <!-- @AfterTest tearDown -->
  <testcase classname="pinoyParent.testCases.BaseClass" name="@AfterTest tearDown" time="0.0">
    <ignored/>
  </testcase> <!-- @AfterTest tearDown -->
  <testcase classname="pinoyParent.testCases.BaseClass" name="@AfterTest tearDown" time="0.0">
    <ignored/>
  </testcase> <!-- @AfterTest tearDown -->
</testsuite> <!-- All Test Cases -->
